0 verbose cli /usr/bin/node /usr/bin/npm
1 info using npm@10.8.2
2 info using node@v20.20.2
3 silly config load:file:/usr/lib/node_modules/npm/npmrc
4 silly config load:file:/var/www/frontend/admin/.npmrc
5 silly config load:file:/var/www/.npmrc
6 silly config load:file:/usr/etc/npmrc
7 verbose title npm install
8 verbose argv "install"
9 verbose logfile logs-max:10 dir:/var/www/.npm/_logs/2026-06-19T12_14_45_152Z-
10 verbose logfile /var/www/.npm/_logs/2026-06-19T12_14_45_152Z-debug-0.log
11 silly packumentCache heap:2197815296 maxSize:549453824 maxEntrySize:274726912
12 silly logfile done cleaning log files
13 silly idealTree buildDeps
14 silly fetch manifest vue@^3.5.13
15 silly packumentCache full:https://registry.npmjs.org/vue cache-miss
16 http fetch GET 200 https://registry.npmjs.org/npm 253ms
17 http fetch GET 200 https://registry.npmjs.org/vue 311ms (cache miss)
18 silly packumentCache full:https://registry.npmjs.org/vue set size:undefined disposed:false
19 silly fetch manifest typescript@~5.7.2
20 silly packumentCache full:https://registry.npmjs.org/typescript cache-miss
21 http fetch GET 200 https://registry.npmjs.org/typescript 334ms (cache miss)
22 silly packumentCache full:https://registry.npmjs.org/typescript set size:undefined disposed:false
23 silly fetch manifest @vitejs/plugin-vue@^5.2.1
24 silly packumentCache full:https://registry.npmjs.org/@vitejs%2fplugin-vue cache-miss
25 http fetch GET 200 https://registry.npmjs.org/@vitejs%2fplugin-vue 207ms (cache miss)
26 silly packumentCache full:https://registry.npmjs.org/@vitejs%2fplugin-vue set size:undefined disposed:false
27 silly fetch manifest vite@^6.3.5
28 silly packumentCache full:https://registry.npmjs.org/vite cache-miss
29 http fetch GET 200 https://registry.npmjs.org/vite 1646ms (cache miss)
30 silly packumentCache full:https://registry.npmjs.org/vite set size:undefined disposed:false
31 silly fetch manifest @types/node@^18.0.0 || ^20.0.0 || >=22.0.0
32 silly packumentCache full:https://registry.npmjs.org/@types%2fnode cache-miss
33 http fetch GET 200 https://registry.npmjs.org/@types%2fnode 469ms (cache miss)
34 silly packumentCache full:https://registry.npmjs.org/@types%2fnode set size:undefined disposed:false
35 silly fetch manifest jiti@>=1.21.0
36 silly packumentCache full:https://registry.npmjs.org/jiti cache-miss
37 http fetch GET 200 https://registry.npmjs.org/jiti 71ms (cache miss)
38 silly packumentCache full:https://registry.npmjs.org/jiti set size:undefined disposed:false
39 silly fetch manifest less@*
40 silly packumentCache full:https://registry.npmjs.org/less cache-miss
41 http fetch GET 200 https://registry.npmjs.org/less 157ms (cache miss)
42 silly packumentCache full:https://registry.npmjs.org/less set size:undefined disposed:false
43 silly fetch manifest lightningcss@^1.21.0
44 silly packumentCache full:https://registry.npmjs.org/lightningcss cache-miss
45 http fetch GET 200 https://registry.npmjs.org/lightningcss 58ms (cache miss)
46 silly packumentCache full:https://registry.npmjs.org/lightningcss set size:undefined disposed:false
47 silly fetch manifest sass@*
48 silly packumentCache full:https://registry.npmjs.org/sass cache-miss
49 http fetch GET 200 https://registry.npmjs.org/sass 120ms (cache miss)
50 silly packumentCache full:https://registry.npmjs.org/sass set size:undefined disposed:false
51 silly fetch manifest sass-embedded@*
52 silly packumentCache full:https://registry.npmjs.org/sass-embedded cache-miss
53 http fetch GET 200 https://registry.npmjs.org/sass-embedded 109ms (cache miss)
54 silly packumentCache full:https://registry.npmjs.org/sass-embedded set size:undefined disposed:false
55 silly fetch manifest stylus@*
56 silly packumentCache full:https://registry.npmjs.org/stylus cache-miss
57 http fetch GET 200 https://registry.npmjs.org/stylus 94ms (cache miss)
58 silly packumentCache full:https://registry.npmjs.org/stylus set size:undefined disposed:false
59 silly fetch manifest sugarss@*
60 silly packumentCache full:https://registry.npmjs.org/sugarss cache-miss
61 http fetch GET 200 https://registry.npmjs.org/sugarss 56ms (cache miss)
62 silly packumentCache full:https://registry.npmjs.org/sugarss set size:undefined disposed:false
63 silly fetch manifest postcss@^8.3.3
64 silly packumentCache full:https://registry.npmjs.org/postcss cache-miss
65 http fetch GET 200 https://registry.npmjs.org/postcss 218ms (cache miss)
66 silly packumentCache full:https://registry.npmjs.org/postcss set size:undefined disposed:false
67 silly fetch manifest terser@^5.16.0
68 silly packumentCache full:https://registry.npmjs.org/terser cache-miss
69 http fetch GET 200 https://registry.npmjs.org/terser 184ms (cache miss)
70 silly packumentCache full:https://registry.npmjs.org/terser set size:undefined disposed:false
71 silly fetch manifest tsx@^4.8.1
72 silly packumentCache full:https://registry.npmjs.org/tsx cache-miss
73 http fetch GET 200 https://registry.npmjs.org/tsx 259ms (cache miss)
74 silly packumentCache full:https://registry.npmjs.org/tsx set size:undefined disposed:false
75 silly fetch manifest yaml@^2.4.2
76 silly packumentCache full:https://registry.npmjs.org/yaml cache-miss
77 http fetch GET 200 https://registry.npmjs.org/yaml 66ms (cache miss)
78 silly packumentCache full:https://registry.npmjs.org/yaml set size:undefined disposed:false
79 silly fetch manifest vue-tsc@^2.2.8
80 silly packumentCache full:https://registry.npmjs.org/vue-tsc cache-miss
81 http fetch GET 200 https://registry.npmjs.org/vue-tsc 546ms (cache miss)
82 silly packumentCache full:https://registry.npmjs.org/vue-tsc set size:undefined disposed:false
83 silly placeDep ROOT @vitejs/plugin-vue@5.2.4 OK for: dashboard-admin@0.0.0 want: ^5.2.1
84 silly placeDep ROOT vue@3.5.38 OK for: @vitejs/plugin-vue@5.2.4 want: ^3.2.25
85 silly placeDep ROOT vite@6.4.3 OK for: @vitejs/plugin-vue@5.2.4 want: ^5.0.0 || ^6.0.0
86 silly placeDep ROOT typescript@5.7.3 OK for: dashboard-admin@0.0.0 want: ~5.7.2
87 silly placeDep ROOT vue-tsc@2.2.12 OK for: dashboard-admin@0.0.0 want: ^2.2.8
88 silly fetch manifest fdir@^6.4.4
89 silly packumentCache full:https://registry.npmjs.org/fdir cache-miss
90 silly fetch manifest rollup@^4.34.9
91 silly packumentCache full:https://registry.npmjs.org/rollup cache-miss
92 silly fetch manifest esbuild@^0.25.0
93 silly packumentCache full:https://registry.npmjs.org/esbuild cache-miss
94 silly fetch manifest postcss@^8.5.3
95 silly packumentCache full:https://registry.npmjs.org/postcss cache-miss
96 silly fetch manifest picomatch@^4.0.2
97 silly packumentCache full:https://registry.npmjs.org/picomatch cache-miss
98 silly fetch manifest tinyglobby@^0.2.13
99 silly packumentCache full:https://registry.npmjs.org/tinyglobby cache-miss
100 silly fetch manifest fsevents@~2.3.3
101 silly packumentCache full:https://registry.npmjs.org/fsevents cache-miss
102 silly fetch manifest @vue/shared@3.5.38
103 silly packumentCache full:https://registry.npmjs.org/@vue%2fshared cache-miss
104 silly fetch manifest @vue/runtime-dom@3.5.38
105 silly packumentCache full:https://registry.npmjs.org/@vue%2fruntime-dom cache-miss
106 silly fetch manifest @vue/compiler-dom@3.5.38
107 silly packumentCache full:https://registry.npmjs.org/@vue%2fcompiler-dom cache-miss
108 silly fetch manifest @vue/compiler-sfc@3.5.38
109 silly packumentCache full:https://registry.npmjs.org/@vue%2fcompiler-sfc cache-miss
110 silly fetch manifest @vue/server-renderer@3.5.38
111 silly packumentCache full:https://registry.npmjs.org/@vue%2fserver-renderer cache-miss
112 silly fetch manifest @volar/typescript@2.4.15
113 silly packumentCache full:https://registry.npmjs.org/@volar%2ftypescript cache-miss
114 silly fetch manifest @vue/language-core@2.2.12
115 silly packumentCache full:https://registry.npmjs.org/@vue%2flanguage-core cache-miss
116 http fetch GET 200 https://registry.npmjs.org/postcss 21ms (cache hit)
117 silly packumentCache full:https://registry.npmjs.org/postcss set size:723316 disposed:false
118 http fetch GET 200 https://registry.npmjs.org/fdir 69ms (cache miss)
119 silly packumentCache full:https://registry.npmjs.org/fdir set size:undefined disposed:false
120 http fetch GET 200 https://registry.npmjs.org/tinyglobby 131ms (cache miss)
121 silly packumentCache full:https://registry.npmjs.org/tinyglobby set size:undefined disposed:false
122 http fetch GET 200 https://registry.npmjs.org/picomatch 140ms (cache miss)
123 silly packumentCache full:https://registry.npmjs.org/picomatch set size:undefined disposed:false
124 http fetch GET 200 https://registry.npmjs.org/fsevents 155ms (cache miss)
125 silly packumentCache full:https://registry.npmjs.org/fsevents set size:undefined disposed:false
126 http fetch GET 200 https://registry.npmjs.org/@volar%2ftypescript 199ms (cache miss)
127 silly packumentCache full:https://registry.npmjs.org/@volar%2ftypescript set size:undefined disposed:false
128 http fetch GET 200 https://registry.npmjs.org/@vue%2fcompiler-sfc 222ms (cache miss)
129 silly packumentCache full:https://registry.npmjs.org/@vue%2fcompiler-sfc set size:undefined disposed:false
130 http fetch GET 200 https://registry.npmjs.org/@vue%2fcompiler-dom 227ms (cache miss)
131 silly packumentCache full:https://registry.npmjs.org/@vue%2fcompiler-dom set size:undefined disposed:false
132 http fetch GET 200 https://registry.npmjs.org/@vue%2fserver-renderer 283ms (cache miss)
133 silly packumentCache full:https://registry.npmjs.org/@vue%2fserver-renderer set size:undefined disposed:false
134 http fetch GET 200 https://registry.npmjs.org/@vue%2fruntime-dom 296ms (cache miss)
135 silly packumentCache full:https://registry.npmjs.org/@vue%2fruntime-dom set size:undefined disposed:false
136 http fetch GET 200 https://registry.npmjs.org/esbuild 312ms (cache miss)
137 silly packumentCache full:https://registry.npmjs.org/esbuild set size:undefined disposed:false
138 http fetch GET 200 https://registry.npmjs.org/@vue%2fshared 457ms (cache miss)
139 silly packumentCache full:https://registry.npmjs.org/@vue%2fshared set size:undefined disposed:false
140 http fetch GET 200 https://registry.npmjs.org/@vue%2flanguage-core 489ms (cache miss)
141 silly packumentCache full:https://registry.npmjs.org/@vue%2flanguage-core set size:undefined disposed:false
142 http fetch GET 200 https://registry.npmjs.org/rollup 781ms (cache miss)
143 silly packumentCache full:https://registry.npmjs.org/rollup set size:undefined disposed:false
144 silly placeDep ROOT esbuild@0.25.12 OK for: vite@6.4.3 want: ^0.25.0
145 silly placeDep ROOT fdir@6.5.0 OK for: vite@6.4.3 want: ^6.4.4
146 silly placeDep ROOT fsevents@2.3.3 OK for: vite@6.4.3 want: ~2.3.3
147 silly placeDep ROOT picomatch@4.0.4 OK for: vite@6.4.3 want: ^4.0.2
148 silly placeDep ROOT postcss@8.5.15 OK for: vite@6.4.3 want: ^8.5.3
149 silly placeDep ROOT rollup@4.62.0 OK for: vite@6.4.3 want: ^4.34.9
150 silly placeDep ROOT tinyglobby@0.2.17 OK for: vite@6.4.3 want: ^0.2.13
151 silly fetch manifest @esbuild/aix-ppc64@0.25.12
152 silly packumentCache full:https://registry.npmjs.org/@esbuild%2faix-ppc64 cache-miss
153 silly fetch manifest @esbuild/linux-arm@0.25.12
154 silly packumentCache full:https://registry.npmjs.org/@esbuild%2flinux-arm cache-miss
155 silly fetch manifest @esbuild/linux-x64@0.25.12
156 silly packumentCache full:https://registry.npmjs.org/@esbuild%2flinux-x64 cache-miss
157 silly fetch manifest @esbuild/sunos-x64@0.25.12
158 silly packumentCache full:https://registry.npmjs.org/@esbuild%2fsunos-x64 cache-miss
159 silly fetch manifest @esbuild/win32-x64@0.25.12
160 silly packumentCache full:https://registry.npmjs.org/@esbuild%2fwin32-x64 cache-miss
161 silly fetch manifest @esbuild/darwin-x64@0.25.12
162 silly packumentCache full:https://registry.npmjs.org/@esbuild%2fdarwin-x64 cache-miss
163 silly fetch manifest @esbuild/linux-ia32@0.25.12
164 silly packumentCache full:https://registry.npmjs.org/@esbuild%2flinux-ia32 cache-miss
165 silly fetch manifest @esbuild/netbsd-x64@0.25.12
166 silly packumentCache full:https://registry.npmjs.org/@esbuild%2fnetbsd-x64 cache-miss
167 silly fetch manifest @esbuild/win32-ia32@0.25.12
168 silly packumentCache full:https://registry.npmjs.org/@esbuild%2fwin32-ia32 cache-miss
169 silly fetch manifest @esbuild/android-arm@0.25.12
170 silly packumentCache full:https://registry.npmjs.org/@esbuild%2fandroid-arm cache-miss
171 silly fetch manifest @esbuild/android-x64@0.25.12
172 silly packumentCache full:https://registry.npmjs.org/@esbuild%2fandroid-x64 cache-miss
173 silly fetch manifest @esbuild/freebsd-x64@0.25.12
174 silly packumentCache full:https://registry.npmjs.org/@esbuild%2ffreebsd-x64 cache-miss
175 silly fetch manifest @esbuild/linux-arm64@0.25.12
176 silly packumentCache full:https://registry.npmjs.org/@esbuild%2flinux-arm64 cache-miss
177 silly fetch manifest @esbuild/linux-ppc64@0.25.12
178 silly packumentCache full:https://registry.npmjs.org/@esbuild%2flinux-ppc64 cache-miss
179 silly fetch manifest @esbuild/linux-s390x@0.25.12
180 silly packumentCache full:https://registry.npmjs.org/@esbuild%2flinux-s390x cache-miss
181 silly fetch manifest @esbuild/openbsd-x64@0.25.12
182 silly packumentCache full:https://registry.npmjs.org/@esbuild%2fopenbsd-x64 cache-miss
183 silly fetch manifest @esbuild/win32-arm64@0.25.12
184 silly packumentCache full:https://registry.npmjs.org/@esbuild%2fwin32-arm64 cache-miss
185 silly fetch manifest @esbuild/darwin-arm64@0.25.12
186 silly packumentCache full:https://registry.npmjs.org/@esbuild%2fdarwin-arm64 cache-miss
187 silly fetch manifest @esbuild/netbsd-arm64@0.25.12
188 silly packumentCache full:https://registry.npmjs.org/@esbuild%2fnetbsd-arm64 cache-miss
189 silly fetch manifest @esbuild/android-arm64@0.25.12
190 silly packumentCache full:https://registry.npmjs.org/@esbuild%2fandroid-arm64 cache-miss
191 silly fetch manifest @esbuild/freebsd-arm64@0.25.12
192 silly packumentCache full:https://registry.npmjs.org/@esbuild%2ffreebsd-arm64 cache-miss
193 silly fetch manifest @esbuild/linux-loong64@0.25.12
194 silly packumentCache full:https://registry.npmjs.org/@esbuild%2flinux-loong64 cache-miss
195 silly fetch manifest @esbuild/linux-riscv64@0.25.12
196 silly packumentCache full:https://registry.npmjs.org/@esbuild%2flinux-riscv64 cache-miss
197 silly fetch manifest @esbuild/openbsd-arm64@0.25.12
198 silly packumentCache full:https://registry.npmjs.org/@esbuild%2fopenbsd-arm64 cache-miss
199 silly fetch manifest @esbuild/linux-mips64el@0.25.12
200 silly packumentCache full:https://registry.npmjs.org/@esbuild%2flinux-mips64el cache-miss
201 silly fetch manifest @esbuild/openharmony-arm64@0.25.12
202 silly packumentCache full:https://registry.npmjs.org/@esbuild%2fopenharmony-arm64 cache-miss
203 silly fetch manifest nanoid@^3.3.12
204 silly packumentCache full:https://registry.npmjs.org/nanoid cache-miss
205 silly fetch manifest picocolors@^1.1.1
206 silly packumentCache full:https://registry.npmjs.org/picocolors cache-miss
207 silly fetch manifest source-map-js@^1.2.1
208 silly packumentCache full:https://registry.npmjs.org/source-map-js cache-miss
209 silly fetch manifest @types/estree@1.0.9
210 silly packumentCache full:https://registry.npmjs.org/@types%2festree cache-miss
211 silly fetch manifest @rollup/rollup-darwin-arm64@4.62.0
212 silly packumentCache full:https://registry.npmjs.org/@rollup%2frollup-darwin-arm64 cache-miss
213 http fetch GET 200 https://registry.npmjs.org/@esbuild%2fsunos-x64 89ms (cache miss)
214 silly packumentCache full:https://registry.npmjs.org/@esbuild%2fsunos-x64 set size:undefined disposed:false
215 silly fetch manifest @rollup/rollup-android-arm64@4.62.0
216 silly packumentCache full:https://registry.npmjs.org/@rollup%2frollup-android-arm64 cache-miss
217 http fetch GET 200 https://registry.npmjs.org/@esbuild%2flinux-arm 97ms (cache miss)
218 silly packumentCache full:https://registry.npmjs.org/@esbuild%2flinux-arm set size:undefined disposed:false
219 silly fetch manifest @rollup/rollup-win32-arm64-msvc@4.62.0
220 silly packumentCache full:https://registry.npmjs.org/@rollup%2frollup-win32-arm64-msvc cache-miss
221 http fetch GET 200 https://registry.npmjs.org/@esbuild%2faix-ppc64 104ms (cache miss)
222 silly packumentCache full:https://registry.npmjs.org/@esbuild%2faix-ppc64 set size:undefined disposed:false
223 silly fetch manifest @rollup/rollup-freebsd-arm64@4.62.0
224 silly packumentCache full:https://registry.npmjs.org/@rollup%2frollup-freebsd-arm64 cache-miss
225 http fetch GET 200 https://registry.npmjs.org/@esbuild%2ffreebsd-x64 101ms (cache miss)
226 silly packumentCache full:https://registry.npmjs.org/@esbuild%2ffreebsd-x64 set size:undefined disposed:false
227 silly fetch manifest @rollup/rollup-linux-arm64-gnu@4.62.0
228 silly packumentCache full:https://registry.npmjs.org/@rollup%2frollup-linux-arm64-gnu cache-miss
229 http fetch GET 200 https://registry.npmjs.org/@esbuild%2fandroid-x64 106ms (cache miss)
230 silly packumentCache full:https://registry.npmjs.org/@esbuild%2fandroid-x64 set size:undefined disposed:false
231 silly fetch manifest @rollup/rollup-linux-arm64-musl@4.62.0
232 silly packumentCache full:https://registry.npmjs.org/@rollup%2frollup-linux-arm64-musl cache-miss
233 http fetch GET 200 https://registry.npmjs.org/@esbuild%2flinux-x64 114ms (cache miss)
234 silly packumentCache full:https://registry.npmjs.org/@esbuild%2flinux-x64 set size:undefined disposed:false
235 silly fetch manifest @rollup/rollup-android-arm-eabi@4.62.0
236 silly packumentCache full:https://registry.npmjs.org/@rollup%2frollup-android-arm-eabi cache-miss
237 http fetch GET 200 https://registry.npmjs.org/@esbuild%2fwin32-ia32 114ms (cache miss)
238 silly packumentCache full:https://registry.npmjs.org/@esbuild%2fwin32-ia32 set size:undefined disposed:false
239 silly fetch manifest @rollup/rollup-linux-arm-gnueabihf@4.62.0
240 silly packumentCache full:https://registry.npmjs.org/@rollup%2frollup-linux-arm-gnueabihf cache-miss
241 http fetch GET 200 https://registry.npmjs.org/@esbuild%2fdarwin-x64 125ms (cache miss)
242 silly packumentCache full:https://registry.npmjs.org/@esbuild%2fdarwin-x64 set size:undefined disposed:false
243 silly fetch manifest @rollup/rollup-linux-arm-musleabihf@4.62.0
244 silly packumentCache full:https://registry.npmjs.org/@rollup%2frollup-linux-arm-musleabihf cache-miss
245 http fetch GET 200 https://registry.npmjs.org/@esbuild%2fwin32-x64 151ms (cache miss)
246 silly packumentCache full:https://registry.npmjs.org/@esbuild%2fwin32-x64 set size:undefined disposed:false
247 silly fetch manifest @rollup/rollup-win32-ia32-msvc@4.62.0
248 silly packumentCache full:https://registry.npmjs.org/@rollup%2frollup-win32-ia32-msvc cache-miss
249 http fetch GET 200 https://registry.npmjs.org/@esbuild%2flinux-ia32 157ms (cache miss)
250 silly packumentCache full:https://registry.npmjs.org/@esbuild%2flinux-ia32 set size:undefined disposed:false
251 silly fetch manifest @rollup/rollup-linux-loong64-gnu@4.62.0
252 silly packumentCache full:https://registry.npmjs.org/@rollup%2frollup-linux-loong64-gnu cache-miss
253 http fetch GET 200 https://registry.npmjs.org/@esbuild%2fopenbsd-x64 167ms (cache miss)
254 silly packumentCache full:https://registry.npmjs.org/@esbuild%2fopenbsd-x64 set size:undefined disposed:false
255 silly fetch manifest @rollup/rollup-linux-loong64-musl@4.62.0
256 silly packumentCache full:https://registry.npmjs.org/@rollup%2frollup-linux-loong64-musl cache-miss
257 http fetch GET 200 https://registry.npmjs.org/@esbuild%2fwin32-arm64 171ms (cache miss)
258 silly packumentCache full:https://registry.npmjs.org/@esbuild%2fwin32-arm64 set size:undefined disposed:false
259 silly fetch manifest @rollup/rollup-linux-riscv64-gnu@4.62.0
260 silly packumentCache full:https://registry.npmjs.org/@rollup%2frollup-linux-riscv64-gnu cache-miss
261 http fetch GET 200 https://registry.npmjs.org/@esbuild%2flinux-s390x 177ms (cache miss)
262 silly packumentCache full:https://registry.npmjs.org/@esbuild%2flinux-s390x set size:undefined disposed:false
263 silly fetch manifest @rollup/rollup-linux-riscv64-musl@4.62.0
264 silly packumentCache full:https://registry.npmjs.org/@rollup%2frollup-linux-riscv64-musl cache-miss
265 http fetch GET 200 https://registry.npmjs.org/@esbuild%2flinux-ppc64 180ms (cache miss)
266 silly packumentCache full:https://registry.npmjs.org/@esbuild%2flinux-ppc64 set size:undefined disposed:false
267 silly fetch manifest @rollup/rollup-linux-ppc64-gnu@4.62.0
268 silly packumentCache full:https://registry.npmjs.org/@rollup%2frollup-linux-ppc64-gnu cache-miss
269 http fetch GET 200 https://registry.npmjs.org/@esbuild%2fnetbsd-arm64 185ms (cache miss)
270 silly packumentCache full:https://registry.npmjs.org/@esbuild%2fnetbsd-arm64 set size:undefined disposed:false
271 silly fetch manifest @rollup/rollup-linux-ppc64-musl@4.62.0
272 silly packumentCache full:https://registry.npmjs.org/@rollup%2frollup-linux-ppc64-musl cache-miss
273 http fetch GET 200 https://registry.npmjs.org/@esbuild%2fandroid-arm 192ms (cache miss)
274 silly packumentCache full:https://registry.npmjs.org/@esbuild%2fandroid-arm set size:undefined disposed:false
275 silly fetch manifest @rollup/rollup-linux-s390x-gnu@4.62.0
276 silly packumentCache full:https://registry.npmjs.org/@rollup%2frollup-linux-s390x-gnu cache-miss
277 http fetch GET 200 https://registry.npmjs.org/@esbuild%2fnetbsd-x64 195ms (cache miss)
278 silly packumentCache full:https://registry.npmjs.org/@esbuild%2fnetbsd-x64 set size:undefined disposed:false
279 silly fetch manifest @rollup/rollup-darwin-x64@4.62.0
280 silly packumentCache full:https://registry.npmjs.org/@rollup%2frollup-darwin-x64 cache-miss
281 http fetch GET 200 https://registry.npmjs.org/@esbuild%2fdarwin-arm64 204ms (cache miss)
282 silly packumentCache full:https://registry.npmjs.org/@esbuild%2fdarwin-arm64 set size:undefined disposed:false
283 silly fetch manifest @rollup/rollup-win32-x64-gnu@4.62.0
284 silly packumentCache full:https://registry.npmjs.org/@rollup%2frollup-win32-x64-gnu cache-miss
285 http fetch GET 200 https://registry.npmjs.org/@esbuild%2fandroid-arm64 210ms (cache miss)
286 silly packumentCache full:https://registry.npmjs.org/@esbuild%2fandroid-arm64 set size:undefined disposed:false
287 silly fetch manifest @rollup/rollup-win32-x64-msvc@4.62.0
288 silly packumentCache full:https://registry.npmjs.org/@rollup%2frollup-win32-x64-msvc cache-miss
289 http fetch GET 200 https://registry.npmjs.org/@esbuild%2flinux-loong64 217ms (cache miss)
290 silly packumentCache full:https://registry.npmjs.org/@esbuild%2flinux-loong64 set size:undefined disposed:false
291 silly fetch manifest @rollup/rollup-freebsd-x64@4.62.0
292 silly packumentCache full:https://registry.npmjs.org/@rollup%2frollup-freebsd-x64 cache-miss
293 http fetch GET 200 https://registry.npmjs.org/picocolors 222ms (cache miss)
294 silly packumentCache full:https://registry.npmjs.org/picocolors set size:undefined disposed:false
295 silly fetch manifest @rollup/rollup-linux-x64-gnu@4.62.0
296 silly packumentCache full:https://registry.npmjs.org/@rollup%2frollup-linux-x64-gnu cache-miss
297 http fetch GET 200 https://registry.npmjs.org/@esbuild%2ffreebsd-arm64 228ms (cache miss)
298 silly packumentCache full:https://registry.npmjs.org/@esbuild%2ffreebsd-arm64 set size:undefined disposed:false
299 silly fetch manifest @rollup/rollup-linux-x64-musl@4.62.0
300 silly packumentCache full:https://registry.npmjs.org/@rollup%2frollup-linux-x64-musl cache-miss
301 http fetch GET 200 https://registry.npmjs.org/source-map-js 227ms (cache miss)
302 silly packumentCache full:https://registry.npmjs.org/source-map-js set size:undefined disposed:false
303 silly fetch manifest @rollup/rollup-openbsd-x64@4.62.0
304 silly packumentCache full:https://registry.npmjs.org/@rollup%2frollup-openbsd-x64 cache-miss
305 http fetch GET 200 https://registry.npmjs.org/@esbuild%2flinux-riscv64 231ms (cache miss)
306 silly packumentCache full:https://registry.npmjs.org/@esbuild%2flinux-riscv64 set size:undefined disposed:false
307 silly fetch manifest @rollup/rollup-openharmony-arm64@4.62.0
308 silly packumentCache full:https://registry.npmjs.org/@rollup%2frollup-openharmony-arm64 cache-miss
309 http fetch GET 200 https://registry.npmjs.org/nanoid 232ms (cache miss)
310 silly packumentCache full:https://registry.npmjs.org/nanoid set size:undefined disposed:false
311 http fetch GET 200 https://registry.npmjs.org/@esbuild%2fopenbsd-arm64 236ms (cache miss)
312 silly packumentCache full:https://registry.npmjs.org/@esbuild%2fopenbsd-arm64 set size:undefined disposed:false
313 http fetch GET 200 https://registry.npmjs.org/@esbuild%2fopenharmony-arm64 235ms (cache miss)
314 silly packumentCache full:https://registry.npmjs.org/@esbuild%2fopenharmony-arm64 set size:undefined disposed:false
315 http fetch GET 200 https://registry.npmjs.org/@types%2festree 233ms (cache miss)
316 silly packumentCache full:https://registry.npmjs.org/@types%2festree set size:undefined disposed:false
317 http fetch GET 200 https://registry.npmjs.org/@esbuild%2flinux-mips64el 253ms (cache miss)
318 silly packumentCache full:https://registry.npmjs.org/@esbuild%2flinux-mips64el set size:undefined disposed:false
319 http fetch GET 200 https://registry.npmjs.org/@esbuild%2flinux-arm64 296ms (cache miss)
320 silly packumentCache full:https://registry.npmjs.org/@esbuild%2flinux-arm64 set size:undefined disposed:false
321 http fetch GET 200 https://registry.npmjs.org/@rollup%2frollup-linux-arm-gnueabihf 195ms (cache miss)
322 silly packumentCache full:https://registry.npmjs.org/@rollup%2frollup-linux-arm-gnueabihf set size:undefined disposed:false
323 http fetch GET 200 https://registry.npmjs.org/@rollup%2frollup-android-arm-eabi 207ms (cache miss)
324 silly packumentCache full:https://registry.npmjs.org/@rollup%2frollup-android-arm-eabi set size:undefined disposed:false
325 http fetch GET 200 https://registry.npmjs.org/@rollup%2frollup-linux-arm-musleabihf 199ms (cache miss)
326 silly packumentCache full:https://registry.npmjs.org/@rollup%2frollup-linux-arm-musleabihf set size:undefined disposed:false
327 http fetch GET 200 https://registry.npmjs.org/@rollup%2frollup-linux-loong64-musl 156ms (cache miss)
328 silly packumentCache full:https://registry.npmjs.org/@rollup%2frollup-linux-loong64-musl set size:undefined disposed:false
329 http fetch GET 200 https://registry.npmjs.org/@rollup%2frollup-win32-ia32-msvc 176ms (cache miss)
330 silly packumentCache full:https://registry.npmjs.org/@rollup%2frollup-win32-ia32-msvc set size:undefined disposed:false
331 http fetch GET 200 https://registry.npmjs.org/@rollup%2frollup-linux-loong64-gnu 171ms (cache miss)
332 silly packumentCache full:https://registry.npmjs.org/@rollup%2frollup-linux-loong64-gnu set size:undefined disposed:false
333 http fetch GET 200 https://registry.npmjs.org/@rollup%2frollup-linux-riscv64-gnu 155ms (cache miss)
334 silly packumentCache full:https://registry.npmjs.org/@rollup%2frollup-linux-riscv64-gnu set size:undefined disposed:false
335 http fetch GET 200 https://registry.npmjs.org/@rollup%2frollup-linux-arm64-musl 224ms (cache miss)
336 silly packumentCache full:https://registry.npmjs.org/@rollup%2frollup-linux-arm64-musl set size:undefined disposed:false
337 http fetch GET 200 https://registry.npmjs.org/@rollup%2frollup-freebsd-arm64 236ms (cache miss)
338 silly packumentCache full:https://registry.npmjs.org/@rollup%2frollup-freebsd-arm64 set size:undefined disposed:false
339 http fetch GET 200 https://registry.npmjs.org/@rollup%2frollup-linux-riscv64-musl 168ms (cache miss)
340 silly packumentCache full:https://registry.npmjs.org/@rollup%2frollup-linux-riscv64-musl set size:undefined disposed:false
341 http fetch GET 200 https://registry.npmjs.org/@rollup%2frollup-linux-ppc64-musl 183ms (cache miss)
342 silly packumentCache full:https://registry.npmjs.org/@rollup%2frollup-linux-ppc64-musl set size:undefined disposed:false
343 http fetch GET 200 https://registry.npmjs.org/@rollup%2frollup-win32-x64-gnu 173ms (cache miss)
344 silly packumentCache full:https://registry.npmjs.org/@rollup%2frollup-win32-x64-gnu set size:undefined disposed:false
345 http fetch GET 200 https://registry.npmjs.org/@rollup%2frollup-win32-x64-msvc 185ms (cache miss)
346 silly packumentCache full:https://registry.npmjs.org/@rollup%2frollup-win32-x64-msvc set size:undefined disposed:false
347 http fetch GET 200 https://registry.npmjs.org/@rollup%2frollup-darwin-x64 210ms (cache miss)
348 silly packumentCache full:https://registry.npmjs.org/@rollup%2frollup-darwin-x64 set size:undefined disposed:false
349 http fetch GET 200 https://registry.npmjs.org/@rollup%2frollup-linux-s390x-gnu 216ms (cache miss)
350 silly packumentCache full:https://registry.npmjs.org/@rollup%2frollup-linux-s390x-gnu set size:undefined disposed:false
351 http fetch GET 200 https://registry.npmjs.org/@rollup%2frollup-freebsd-x64 188ms (cache miss)
352 silly packumentCache full:https://registry.npmjs.org/@rollup%2frollup-freebsd-x64 set size:undefined disposed:false
353 http fetch GET 200 https://registry.npmjs.org/@rollup%2frollup-linux-x64-gnu 183ms (cache miss)
354 silly packumentCache full:https://registry.npmjs.org/@rollup%2frollup-linux-x64-gnu set size:undefined disposed:false
355 http fetch GET 200 https://registry.npmjs.org/@rollup%2frollup-android-arm64 333ms (cache miss)
356 silly packumentCache full:https://registry.npmjs.org/@rollup%2frollup-android-arm64 set size:undefined disposed:false
357 http fetch GET 200 https://registry.npmjs.org/@rollup%2frollup-openbsd-x64 190ms (cache miss)
358 silly packumentCache full:https://registry.npmjs.org/@rollup%2frollup-openbsd-x64 set size:undefined disposed:false
359 http fetch GET 200 https://registry.npmjs.org/@rollup%2frollup-darwin-arm64 455ms (cache miss)
360 silly packumentCache full:https://registry.npmjs.org/@rollup%2frollup-darwin-arm64 set size:undefined disposed:false
361 http fetch GET 200 https://registry.npmjs.org/@rollup%2frollup-win32-arm64-msvc 373ms (cache miss)
362 silly packumentCache full:https://registry.npmjs.org/@rollup%2frollup-win32-arm64-msvc set size:undefined disposed:false
363 http fetch GET 200 https://registry.npmjs.org/@rollup%2frollup-linux-x64-musl 242ms (cache miss)
364 silly packumentCache full:https://registry.npmjs.org/@rollup%2frollup-linux-x64-musl set size:undefined disposed:false
365 http fetch GET 200 https://registry.npmjs.org/@rollup%2frollup-openharmony-arm64 258ms (cache miss)
366 silly packumentCache full:https://registry.npmjs.org/@rollup%2frollup-openharmony-arm64 set size:undefined disposed:false
367 http fetch GET 200 https://registry.npmjs.org/@rollup%2frollup-linux-ppc64-gnu 324ms (cache miss)
368 silly packumentCache full:https://registry.npmjs.org/@rollup%2frollup-linux-ppc64-gnu set size:undefined disposed:false
369 http fetch GET 200 https://registry.npmjs.org/@rollup%2frollup-linux-arm64-gnu 483ms (cache miss)
370 silly packumentCache full:https://registry.npmjs.org/@rollup%2frollup-linux-arm64-gnu set size:undefined disposed:false
371 silly placeDep ROOT @esbuild/aix-ppc64@0.25.12 OK for: esbuild@0.25.12 want: 0.25.12
372 silly placeDep ROOT @esbuild/android-arm@0.25.12 OK for: esbuild@0.25.12 want: 0.25.12
373 silly placeDep ROOT @esbuild/android-arm64@0.25.12 OK for: esbuild@0.25.12 want: 0.25.12
374 silly placeDep ROOT @esbuild/android-x64@0.25.12 OK for: esbuild@0.25.12 want: 0.25.12
375 silly placeDep ROOT @esbuild/darwin-arm64@0.25.12 OK for: esbuild@0.25.12 want: 0.25.12
376 silly placeDep ROOT @esbuild/darwin-x64@0.25.12 OK for: esbuild@0.25.12 want: 0.25.12
377 silly placeDep ROOT @esbuild/freebsd-arm64@0.25.12 OK for: esbuild@0.25.12 want: 0.25.12
378 silly placeDep ROOT @esbuild/freebsd-x64@0.25.12 OK for: esbuild@0.25.12 want: 0.25.12
379 silly placeDep ROOT @esbuild/linux-arm@0.25.12 OK for: esbuild@0.25.12 want: 0.25.12
380 silly placeDep ROOT @esbuild/linux-arm64@0.25.12 OK for: esbuild@0.25.12 want: 0.25.12
381 silly placeDep ROOT @esbuild/linux-ia32@0.25.12 OK for: esbuild@0.25.12 want: 0.25.12
382 silly placeDep ROOT @esbuild/linux-loong64@0.25.12 OK for: esbuild@0.25.12 want: 0.25.12
383 silly placeDep ROOT @esbuild/linux-mips64el@0.25.12 OK for: esbuild@0.25.12 want: 0.25.12
384 silly placeDep ROOT @esbuild/linux-ppc64@0.25.12 OK for: esbuild@0.25.12 want: 0.25.12
385 silly placeDep ROOT @esbuild/linux-riscv64@0.25.12 OK for: esbuild@0.25.12 want: 0.25.12
386 silly placeDep ROOT @esbuild/linux-s390x@0.25.12 OK for: esbuild@0.25.12 want: 0.25.12
387 silly placeDep ROOT @esbuild/linux-x64@0.25.12 OK for: esbuild@0.25.12 want: 0.25.12
388 silly placeDep ROOT @esbuild/netbsd-arm64@0.25.12 OK for: esbuild@0.25.12 want: 0.25.12
389 silly placeDep ROOT @esbuild/netbsd-x64@0.25.12 OK for: esbuild@0.25.12 want: 0.25.12
390 silly placeDep ROOT @esbuild/openbsd-arm64@0.25.12 OK for: esbuild@0.25.12 want: 0.25.12
391 silly placeDep ROOT @esbuild/openbsd-x64@0.25.12 OK for: esbuild@0.25.12 want: 0.25.12
392 silly placeDep ROOT @esbuild/openharmony-arm64@0.25.12 OK for: esbuild@0.25.12 want: 0.25.12
393 silly placeDep ROOT @esbuild/sunos-x64@0.25.12 OK for: esbuild@0.25.12 want: 0.25.12
394 silly placeDep ROOT @esbuild/win32-arm64@0.25.12 OK for: esbuild@0.25.12 want: 0.25.12
395 silly placeDep ROOT @esbuild/win32-ia32@0.25.12 OK for: esbuild@0.25.12 want: 0.25.12
396 silly placeDep ROOT @esbuild/win32-x64@0.25.12 OK for: esbuild@0.25.12 want: 0.25.12
397 silly placeDep ROOT nanoid@3.3.13 OK for: postcss@8.5.15 want: ^3.3.12
398 silly placeDep ROOT picocolors@1.1.1 OK for: postcss@8.5.15 want: ^1.1.1
399 silly placeDep ROOT source-map-js@1.2.1 OK for: postcss@8.5.15 want: ^1.2.1
400 silly placeDep ROOT @rollup/rollup-android-arm-eabi@4.62.0 OK for: rollup@4.62.0 want: 4.62.0
401 silly placeDep ROOT @rollup/rollup-android-arm64@4.62.0 OK for: rollup@4.62.0 want: 4.62.0
402 silly placeDep ROOT @rollup/rollup-darwin-arm64@4.62.0 OK for: rollup@4.62.0 want: 4.62.0
403 silly placeDep ROOT @rollup/rollup-darwin-x64@4.62.0 OK for: rollup@4.62.0 want: 4.62.0
404 silly placeDep ROOT @rollup/rollup-freebsd-arm64@4.62.0 OK for: rollup@4.62.0 want: 4.62.0
405 silly placeDep ROOT @rollup/rollup-freebsd-x64@4.62.0 OK for: rollup@4.62.0 want: 4.62.0
406 silly placeDep ROOT @rollup/rollup-linux-arm-gnueabihf@4.62.0 OK for: rollup@4.62.0 want: 4.62.0
407 silly placeDep ROOT @rollup/rollup-linux-arm-musleabihf@4.62.0 OK for: rollup@4.62.0 want: 4.62.0
408 silly placeDep ROOT @rollup/rollup-linux-arm64-gnu@4.62.0 OK for: rollup@4.62.0 want: 4.62.0
409 silly placeDep ROOT @rollup/rollup-linux-arm64-musl@4.62.0 OK for: rollup@4.62.0 want: 4.62.0
410 silly placeDep ROOT @rollup/rollup-linux-loong64-gnu@4.62.0 OK for: rollup@4.62.0 want: 4.62.0
411 silly placeDep ROOT @rollup/rollup-linux-loong64-musl@4.62.0 OK for: rollup@4.62.0 want: 4.62.0
412 silly placeDep ROOT @rollup/rollup-linux-ppc64-gnu@4.62.0 OK for: rollup@4.62.0 want: 4.62.0
413 silly placeDep ROOT @rollup/rollup-linux-ppc64-musl@4.62.0 OK for: rollup@4.62.0 want: 4.62.0
414 silly placeDep ROOT @rollup/rollup-linux-riscv64-gnu@4.62.0 OK for: rollup@4.62.0 want: 4.62.0
415 silly placeDep ROOT @rollup/rollup-linux-riscv64-musl@4.62.0 OK for: rollup@4.62.0 want: 4.62.0
416 silly placeDep ROOT @rollup/rollup-linux-s390x-gnu@4.62.0 OK for: rollup@4.62.0 want: 4.62.0
417 silly placeDep ROOT @rollup/rollup-linux-x64-gnu@4.62.0 OK for: rollup@4.62.0 want: 4.62.0
418 silly placeDep ROOT @rollup/rollup-linux-x64-musl@4.62.0 OK for: rollup@4.62.0 want: 4.62.0
419 silly placeDep ROOT @rollup/rollup-openbsd-x64@4.62.0 OK for: rollup@4.62.0 want: 4.62.0
420 silly placeDep ROOT @rollup/rollup-openharmony-arm64@4.62.0 OK for: rollup@4.62.0 want: 4.62.0
421 silly placeDep ROOT @rollup/rollup-win32-arm64-msvc@4.62.0 OK for: rollup@4.62.0 want: 4.62.0
422 silly placeDep ROOT @rollup/rollup-win32-ia32-msvc@4.62.0 OK for: rollup@4.62.0 want: 4.62.0
423 silly placeDep ROOT @rollup/rollup-win32-x64-gnu@4.62.0 OK for: rollup@4.62.0 want: 4.62.0
424 silly placeDep ROOT @rollup/rollup-win32-x64-msvc@4.62.0 OK for: rollup@4.62.0 want: 4.62.0
425 silly placeDep ROOT @types/estree@1.0.9 OK for: rollup@4.62.0 want: 1.0.9
426 silly fetch manifest vue@3.5.38
427 silly packumentCache full:https://registry.npmjs.org/vue cache-miss
428 http fetch GET 200 https://registry.npmjs.org/vue 4ms (cache hit)
429 silly packumentCache full:https://registry.npmjs.org/vue set size:2061254 disposed:false
430 silly fetch manifest typescript@*
431 silly packumentCache full:https://registry.npmjs.org/typescript cache-miss
432 http fetch GET 200 https://registry.npmjs.org/typescript 16ms (cache hit)
433 silly packumentCache full:https://registry.npmjs.org/typescript set size:15410956 disposed:false
434 silly placeDep ROOT @vue/compiler-dom@3.5.38 OK for: vue@3.5.38 want: 3.5.38
435 silly placeDep ROOT @vue/compiler-sfc@3.5.38 OK for: vue@3.5.38 want: 3.5.38
436 silly placeDep ROOT @vue/runtime-dom@3.5.38 OK for: vue@3.5.38 want: 3.5.38
437 silly placeDep ROOT @vue/server-renderer@3.5.38 OK for: vue@3.5.38 want: 3.5.38
438 silly placeDep ROOT @vue/shared@3.5.38 OK for: vue@3.5.38 want: 3.5.38
439 silly fetch manifest @vue/compiler-core@3.5.38
440 silly packumentCache full:https://registry.npmjs.org/@vue%2fcompiler-core cache-miss
441 silly fetch manifest magic-string@^0.30.21
442 silly packumentCache full:https://registry.npmjs.org/magic-string cache-miss
443 silly fetch manifest @babel/parser@^7.29.7
444 silly packumentCache full:https://registry.npmjs.org/@babel%2fparser cache-miss
445 silly fetch manifest estree-walker@^2.0.2
446 silly packumentCache full:https://registry.npmjs.org/estree-walker cache-miss
447 silly fetch manifest @vue/compiler-ssr@3.5.38
448 silly packumentCache full:https://registry.npmjs.org/@vue%2fcompiler-ssr cache-miss
449 silly fetch manifest @vue/compiler-core@3.5.38
450 silly packumentCache full:https://registry.npmjs.org/@vue%2fcompiler-core cache-miss
451 silly fetch manifest csstype@^3.2.3
452 silly packumentCache full:https://registry.npmjs.org/csstype cache-miss
453 silly fetch manifest @vue/reactivity@3.5.38
454 silly packumentCache full:https://registry.npmjs.org/@vue%2freactivity cache-miss
455 silly fetch manifest @vue/runtime-core@3.5.38
456 silly packumentCache full:https://registry.npmjs.org/@vue%2fruntime-core cache-miss
457 silly fetch manifest @vue/compiler-ssr@3.5.38
458 silly packumentCache full:https://registry.npmjs.org/@vue%2fcompiler-ssr cache-miss
459 http fetch GET 200 https://registry.npmjs.org/csstype 63ms (cache miss)
460 silly packumentCache full:https://registry.npmjs.org/csstype set size:undefined disposed:false
461 http fetch GET 200 https://registry.npmjs.org/estree-walker 68ms (cache miss)
462 silly packumentCache full:https://registry.npmjs.org/estree-walker set size:undefined disposed:false
463 http fetch GET 200 https://registry.npmjs.org/magic-string 73ms (cache miss)
464 silly packumentCache full:https://registry.npmjs.org/magic-string set size:undefined disposed:false
465 http fetch GET 200 https://registry.npmjs.org/@vue%2fcompiler-ssr 120ms (cache miss)
466 silly packumentCache full:https://registry.npmjs.org/@vue%2fcompiler-ssr set size:undefined disposed:false
467 http fetch GET 200 https://registry.npmjs.org/@vue%2fcompiler-ssr 133ms (cache miss)
468 silly packumentCache full:https://registry.npmjs.org/@vue%2fcompiler-ssr set size:undefined disposed:false
469 http fetch GET 200 https://registry.npmjs.org/@vue%2fcompiler-core 138ms (cache miss)
470 silly packumentCache full:https://registry.npmjs.org/@vue%2fcompiler-core set size:undefined disposed:false
471 http fetch GET 200 https://registry.npmjs.org/@vue%2fcompiler-core 145ms (cache miss)
472 silly packumentCache full:https://registry.npmjs.org/@vue%2fcompiler-core set size:undefined disposed:false
473 http fetch GET 200 https://registry.npmjs.org/@babel%2fparser 191ms (cache miss)
474 silly packumentCache full:https://registry.npmjs.org/@babel%2fparser set size:undefined disposed:false
475 http fetch GET 200 https://registry.npmjs.org/@vue%2freactivity 289ms (cache miss)
476 silly packumentCache full:https://registry.npmjs.org/@vue%2freactivity set size:undefined disposed:false
477 http fetch GET 200 https://registry.npmjs.org/@vue%2fruntime-core 296ms (cache miss)
478 silly packumentCache full:https://registry.npmjs.org/@vue%2fruntime-core set size:undefined disposed:false
479 silly placeDep ROOT @vue/compiler-core@3.5.38 OK for: @vue/compiler-dom@3.5.38 want: 3.5.38
480 silly fetch manifest entities@^7.0.1
481 silly packumentCache full:https://registry.npmjs.org/entities cache-miss
482 http fetch GET 200 https://registry.npmjs.org/entities 56ms (cache miss)
483 silly packumentCache full:https://registry.npmjs.org/entities set size:undefined disposed:false
484 silly placeDep ROOT @babel/parser@7.29.7 OK for: @vue/compiler-core@3.5.38 want: ^7.29.7
485 silly placeDep ROOT entities@7.0.1 OK for: @vue/compiler-core@3.5.38 want: ^7.0.1
486 silly placeDep ROOT estree-walker@2.0.2 OK for: @vue/compiler-core@3.5.38 want: ^2.0.2
487 silly fetch manifest @babel/types@^7.29.7
488 silly packumentCache full:https://registry.npmjs.org/@babel%2ftypes cache-miss
489 http fetch GET 200 https://registry.npmjs.org/@babel%2ftypes 106ms (cache miss)
490 silly packumentCache full:https://registry.npmjs.org/@babel%2ftypes set size:undefined disposed:false
491 silly placeDep ROOT @babel/types@7.29.7 OK for: @babel/parser@7.29.7 want: ^7.29.7
492 silly fetch manifest @babel/helper-string-parser@^7.29.7
493 silly packumentCache full:https://registry.npmjs.org/@babel%2fhelper-string-parser cache-miss
494 silly fetch manifest @babel/helper-validator-identifier@^7.29.7
495 silly packumentCache full:https://registry.npmjs.org/@babel%2fhelper-validator-identifier cache-miss
496 http fetch GET 200 https://registry.npmjs.org/@babel%2fhelper-string-parser 153ms (cache miss)
497 silly packumentCache full:https://registry.npmjs.org/@babel%2fhelper-string-parser set size:undefined disposed:false
498 http fetch GET 200 https://registry.npmjs.org/@babel%2fhelper-validator-identifier 184ms (cache miss)
499 silly packumentCache full:https://registry.npmjs.org/@babel%2fhelper-validator-identifier set size:undefined disposed:false
500 silly placeDep ROOT @babel/helper-string-parser@7.29.7 OK for: @babel/types@7.29.7 want: ^7.29.7
501 silly placeDep ROOT @babel/helper-validator-identifier@7.29.7 OK for: @babel/types@7.29.7 want: ^7.29.7
502 silly placeDep ROOT @vue/compiler-ssr@3.5.38 OK for: @vue/compiler-sfc@3.5.38 want: 3.5.38
503 silly placeDep ROOT magic-string@0.30.21 OK for: @vue/compiler-sfc@3.5.38 want: ^0.30.21
504 silly fetch manifest @jridgewell/sourcemap-codec@^1.5.5
505 silly packumentCache full:https://registry.npmjs.org/@jridgewell%2fsourcemap-codec cache-miss
506 http fetch GET 200 https://registry.npmjs.org/@jridgewell%2fsourcemap-codec 66ms (cache miss)
507 silly packumentCache full:https://registry.npmjs.org/@jridgewell%2fsourcemap-codec set size:undefined disposed:false
508 silly placeDep ROOT @vue/reactivity@3.5.38 OK for: @vue/runtime-dom@3.5.38 want: 3.5.38
509 silly placeDep ROOT @vue/runtime-core@3.5.38 OK for: @vue/runtime-dom@3.5.38 want: 3.5.38
510 silly placeDep ROOT csstype@3.2.3 OK for: @vue/runtime-dom@3.5.38 want: ^3.2.3
511 silly placeDep ROOT @jridgewell/sourcemap-codec@1.5.5 OK for: magic-string@0.30.21 want: ^1.5.5
512 silly fetch manifest typescript@>=5.0.0
513 silly packumentCache full:https://registry.npmjs.org/typescript cache-miss
514 http fetch GET 200 https://registry.npmjs.org/typescript 22ms (cache hit)
515 silly packumentCache full:https://registry.npmjs.org/typescript set size:15410956 disposed:false
516 silly placeDep ROOT @volar/typescript@2.4.15 OK for: vue-tsc@2.2.12 want: 2.4.15
517 silly placeDep ROOT @vue/language-core@2.2.12 OK for: vue-tsc@2.2.12 want: 2.2.12
518 silly fetch manifest vscode-uri@^3.0.8
519 silly packumentCache full:https://registry.npmjs.org/vscode-uri cache-miss
520 silly fetch manifest path-browserify@^1.0.1
521 silly packumentCache full:https://registry.npmjs.org/path-browserify cache-miss
522 silly fetch manifest @volar/language-core@2.4.15
523 silly packumentCache full:https://registry.npmjs.org/@volar%2flanguage-core cache-miss
524 silly fetch manifest minimatch@^9.0.3
525 silly packumentCache full:https://registry.npmjs.org/minimatch cache-miss
526 silly fetch manifest alien-signals@^1.0.3
527 silly packumentCache full:https://registry.npmjs.org/alien-signals cache-miss
528 silly fetch manifest muggle-string@^0.4.1
529 silly packumentCache full:https://registry.npmjs.org/muggle-string cache-miss
530 silly fetch manifest path-browserify@^1.0.1
531 silly packumentCache full:https://registry.npmjs.org/path-browserify cache-miss
532 silly fetch manifest @vue/compiler-vue2@^2.7.16
533 silly packumentCache full:https://registry.npmjs.org/@vue%2fcompiler-vue2 cache-miss
534 silly fetch manifest @volar/language-core@2.4.15
535 silly packumentCache full:https://registry.npmjs.org/@volar%2flanguage-core cache-miss
536 http fetch GET 200 https://registry.npmjs.org/vscode-uri 53ms (cache miss)
537 silly packumentCache full:https://registry.npmjs.org/vscode-uri set size:undefined disposed:false
538 http fetch GET 200 https://registry.npmjs.org/path-browserify 59ms (cache miss)
539 silly packumentCache full:https://registry.npmjs.org/path-browserify set size:undefined disposed:false
540 http fetch GET 200 https://registry.npmjs.org/muggle-string 59ms (cache miss)
541 silly packumentCache full:https://registry.npmjs.org/muggle-string set size:undefined disposed:false
542 http fetch GET 200 https://registry.npmjs.org/path-browserify 68ms (cache miss)
543 silly packumentCache full:https://registry.npmjs.org/path-browserify set size:undefined disposed:false
544 http fetch GET 200 https://registry.npmjs.org/alien-signals 68ms (cache miss)
545 silly packumentCache full:https://registry.npmjs.org/alien-signals set size:undefined disposed:false
546 http fetch GET 200 https://registry.npmjs.org/minimatch 76ms (cache miss)
547 silly packumentCache full:https://registry.npmjs.org/minimatch set size:undefined disposed:false
548 http fetch GET 200 https://registry.npmjs.org/@vue%2fcompiler-vue2 131ms (cache miss)
549 silly packumentCache full:https://registry.npmjs.org/@vue%2fcompiler-vue2 set size:undefined disposed:false
550 http fetch GET 200 https://registry.npmjs.org/@volar%2flanguage-core 264ms (cache miss)
551 silly packumentCache full:https://registry.npmjs.org/@volar%2flanguage-core set size:undefined disposed:false
552 http fetch GET 200 https://registry.npmjs.org/@volar%2flanguage-core 353ms (cache miss)
553 silly packumentCache full:https://registry.npmjs.org/@volar%2flanguage-core set size:undefined disposed:false
554 silly placeDep ROOT @volar/language-core@2.4.15 OK for: @volar/typescript@2.4.15 want: 2.4.15
555 silly placeDep ROOT path-browserify@1.0.1 OK for: @volar/typescript@2.4.15 want: ^1.0.1
556 silly placeDep ROOT vscode-uri@3.1.0 OK for: @volar/typescript@2.4.15 want: ^3.0.8
557 silly fetch manifest @volar/source-map@2.4.15
558 silly packumentCache full:https://registry.npmjs.org/@volar%2fsource-map cache-miss
559 http fetch GET 200 https://registry.npmjs.org/@volar%2fsource-map 512ms (cache miss)
560 silly packumentCache full:https://registry.npmjs.org/@volar%2fsource-map set size:undefined disposed:false
561 silly placeDep ROOT @volar/source-map@2.4.15 OK for: @volar/language-core@2.4.15 want: 2.4.15
562 silly placeDep ROOT @vue/compiler-vue2@2.7.16 OK for: @vue/language-core@2.2.12 want: ^2.7.16
563 silly placeDep ROOT alien-signals@1.0.13 OK for: @vue/language-core@2.2.12 want: ^1.0.3
564 silly placeDep ROOT minimatch@9.0.9 OK for: @vue/language-core@2.2.12 want: ^9.0.3
565 silly placeDep ROOT muggle-string@0.4.1 OK for: @vue/language-core@2.2.12 want: ^0.4.1
566 silly fetch manifest he@^1.2.0
567 silly packumentCache full:https://registry.npmjs.org/he cache-miss
568 silly fetch manifest de-indent@^1.0.2
569 silly packumentCache full:https://registry.npmjs.org/de-indent cache-miss
570 silly fetch manifest brace-expansion@^2.0.2
571 silly packumentCache full:https://registry.npmjs.org/brace-expansion cache-miss
572 http fetch GET 200 https://registry.npmjs.org/brace-expansion 55ms (cache miss)
573 silly packumentCache full:https://registry.npmjs.org/brace-expansion set size:undefined disposed:false
574 http fetch GET 200 https://registry.npmjs.org/he 57ms (cache miss)
575 silly packumentCache full:https://registry.npmjs.org/he set size:undefined disposed:false
576 http fetch GET 200 https://registry.npmjs.org/de-indent 382ms (cache miss)
577 silly packumentCache full:https://registry.npmjs.org/de-indent set size:undefined disposed:false
578 silly placeDep ROOT de-indent@1.0.2 OK for: @vue/compiler-vue2@2.7.16 want: ^1.0.2
579 silly placeDep ROOT he@1.2.0 OK for: @vue/compiler-vue2@2.7.16 want: ^1.2.0
580 silly placeDep ROOT brace-expansion@2.1.1 OK for: minimatch@9.0.9 want: ^2.0.2
581 silly fetch manifest balanced-match@^1.0.0
582 silly packumentCache full:https://registry.npmjs.org/balanced-match cache-miss
583 http fetch GET 200 https://registry.npmjs.org/balanced-match 79ms (cache miss)
584 silly packumentCache full:https://registry.npmjs.org/balanced-match set size:undefined disposed:false
585 silly placeDep ROOT balanced-match@1.0.2 OK for: brace-expansion@2.1.1 want: ^1.0.0
586 silly reify moves {}
587 silly audit bulk request {
587 silly audit   '@vitejs/plugin-vue': [ '5.2.4' ],
587 silly audit   vue: [ '3.5.38' ],
587 silly audit   vite: [ '6.4.3' ],
587 silly audit   typescript: [ '5.7.3' ],
587 silly audit   'vue-tsc': [ '2.2.12' ],
587 silly audit   esbuild: [ '0.25.12' ],
587 silly audit   fdir: [ '6.5.0' ],
587 silly audit   fsevents: [ '2.3.3' ],
587 silly audit   picomatch: [ '4.0.4' ],
587 silly audit   postcss: [ '8.5.15' ],
587 silly audit   rollup: [ '4.62.0' ],
587 silly audit   tinyglobby: [ '0.2.17' ],
587 silly audit   '@esbuild/aix-ppc64': [ '0.25.12' ],
587 silly audit   '@esbuild/android-arm': [ '0.25.12' ],
587 silly audit   '@esbuild/android-arm64': [ '0.25.12' ],
587 silly audit   '@esbuild/android-x64': [ '0.25.12' ],
587 silly audit   '@esbuild/darwin-arm64': [ '0.25.12' ],
587 silly audit   '@esbuild/darwin-x64': [ '0.25.12' ],
587 silly audit   '@esbuild/freebsd-arm64': [ '0.25.12' ],
587 silly audit   '@esbuild/freebsd-x64': [ '0.25.12' ],
587 silly audit   '@esbuild/linux-arm': [ '0.25.12' ],
587 silly audit   '@esbuild/linux-arm64': [ '0.25.12' ],
587 silly audit   '@esbuild/linux-ia32': [ '0.25.12' ],
587 silly audit   '@esbuild/linux-loong64': [ '0.25.12' ],
587 silly audit   '@esbuild/linux-mips64el': [ '0.25.12' ],
587 silly audit   '@esbuild/linux-ppc64': [ '0.25.12' ],
587 silly audit   '@esbuild/linux-riscv64': [ '0.25.12' ],
587 silly audit   '@esbuild/linux-s390x': [ '0.25.12' ],
587 silly audit   '@esbuild/linux-x64': [ '0.25.12' ],
587 silly audit   '@esbuild/netbsd-arm64': [ '0.25.12' ],
587 silly audit   '@esbuild/netbsd-x64': [ '0.25.12' ],
587 silly audit   '@esbuild/openbsd-arm64': [ '0.25.12' ],
587 silly audit   '@esbuild/openbsd-x64': [ '0.25.12' ],
587 silly audit   '@esbuild/openharmony-arm64': [ '0.25.12' ],
587 silly audit   '@esbuild/sunos-x64': [ '0.25.12' ],
587 silly audit   '@esbuild/win32-arm64': [ '0.25.12' ],
587 silly audit   '@esbuild/win32-ia32': [ '0.25.12' ],
587 silly audit   '@esbuild/win32-x64': [ '0.25.12' ],
587 silly audit   nanoid: [ '3.3.13' ],
587 silly audit   picocolors: [ '1.1.1' ],
587 silly audit   'source-map-js': [ '1.2.1' ],
587 silly audit   '@rollup/rollup-android-arm-eabi': [ '4.62.0' ],
587 silly audit   '@rollup/rollup-android-arm64': [ '4.62.0' ],
587 silly audit   '@rollup/rollup-darwin-arm64': [ '4.62.0' ],
587 silly audit   '@rollup/rollup-darwin-x64': [ '4.62.0' ],
587 silly audit   '@rollup/rollup-freebsd-arm64': [ '4.62.0' ],
587 silly audit   '@rollup/rollup-freebsd-x64': [ '4.62.0' ],
587 silly audit   '@rollup/rollup-linux-arm-gnueabihf': [ '4.62.0' ],
587 silly audit   '@rollup/rollup-linux-arm-musleabihf': [ '4.62.0' ],
587 silly audit   '@rollup/rollup-linux-arm64-gnu': [ '4.62.0' ],
587 silly audit   '@rollup/rollup-linux-arm64-musl': [ '4.62.0' ],
587 silly audit   '@rollup/rollup-linux-loong64-gnu': [ '4.62.0' ],
587 silly audit   '@rollup/rollup-linux-loong64-musl': [ '4.62.0' ],
587 silly audit   '@rollup/rollup-linux-ppc64-gnu': [ '4.62.0' ],
587 silly audit   '@rollup/rollup-linux-ppc64-musl': [ '4.62.0' ],
587 silly audit   '@rollup/rollup-linux-riscv64-gnu': [ '4.62.0' ],
587 silly audit   '@rollup/rollup-linux-riscv64-musl': [ '4.62.0' ],
587 silly audit   '@rollup/rollup-linux-s390x-gnu': [ '4.62.0' ],
587 silly audit   '@rollup/rollup-linux-x64-gnu': [ '4.62.0' ],
587 silly audit   '@rollup/rollup-linux-x64-musl': [ '4.62.0' ],
587 silly audit   '@rollup/rollup-openbsd-x64': [ '4.62.0' ],
587 silly audit   '@rollup/rollup-openharmony-arm64': [ '4.62.0' ],
587 silly audit   '@rollup/rollup-win32-arm64-msvc': [ '4.62.0' ],
587 silly audit   '@rollup/rollup-win32-ia32-msvc': [ '4.62.0' ],
587 silly audit   '@rollup/rollup-win32-x64-gnu': [ '4.62.0' ],
587 silly audit   '@rollup/rollup-win32-x64-msvc': [ '4.62.0' ],
587 silly audit   '@types/estree': [ '1.0.9' ],
587 silly audit   '@vue/compiler-dom': [ '3.5.38' ],
587 silly audit   '@vue/compiler-sfc': [ '3.5.38' ],
587 silly audit   '@vue/runtime-dom': [ '3.5.38' ],
587 silly audit   '@vue/server-renderer': [ '3.5.38' ],
587 silly audit   '@vue/shared': [ '3.5.38' ],
587 silly audit   '@vue/compiler-core': [ '3.5.38' ],
587 silly audit   '@babel/parser': [ '7.29.7' ],
587 silly audit   entities: [ '7.0.1' ],
587 silly audit   'estree-walker': [ '2.0.2' ],
587 silly audit   '@babel/types': [ '7.29.7' ],
587 silly audit   '@babel/helper-string-parser': [ '7.29.7' ],
587 silly audit   '@babel/helper-validator-identifier': [ '7.29.7' ],
587 silly audit   '@vue/compiler-ssr': [ '3.5.38' ],
587 silly audit   'magic-string': [ '0.30.21' ],
587 silly audit   '@vue/reactivity': [ '3.5.38' ],
587 silly audit   '@vue/runtime-core': [ '3.5.38' ],
587 silly audit   csstype: [ '3.2.3' ],
587 silly audit   '@jridgewell/sourcemap-codec': [ '1.5.5' ],
587 silly audit   '@volar/typescript': [ '2.4.15' ],
587 silly audit   '@vue/language-core': [ '2.2.12' ],
587 silly audit   '@volar/language-core': [ '2.4.15' ],
587 silly audit   'path-browserify': [ '1.0.1' ],
587 silly audit   'vscode-uri': [ '3.1.0' ],
587 silly audit   '@volar/source-map': [ '2.4.15' ],
587 silly audit   '@vue/compiler-vue2': [ '2.7.16' ],
587 silly audit   'alien-signals': [ '1.0.13' ],
587 silly audit   minimatch: [ '9.0.9' ],
587 silly audit   'muggle-string': [ '0.4.1' ],
587 silly audit   'de-indent': [ '1.0.2' ],
587 silly audit   he: [ '1.2.0' ],
587 silly audit   'brace-expansion': [ '2.1.1' ],
587 silly audit   'balanced-match': [ '1.0.2' ]
587 silly audit }
588 verbose reify failed optional dependency /var/www/frontend/admin/node_modules/@rollup/rollup-win32-x64-msvc
589 silly reify mark deleted [
589 silly reify   '/var/www/frontend/admin/node_modules/@rollup/rollup-win32-x64-msvc'
589 silly reify ]
590 verbose reify failed optional dependency /var/www/frontend/admin/node_modules/@rollup/rollup-win32-x64-gnu
591 silly reify mark deleted [ '/var/www/frontend/admin/node_modules/@rollup/rollup-win32-x64-gnu' ]
592 verbose reify failed optional dependency /var/www/frontend/admin/node_modules/@rollup/rollup-win32-ia32-msvc
593 silly reify mark deleted [
593 silly reify   '/var/www/frontend/admin/node_modules/@rollup/rollup-win32-ia32-msvc'
593 silly reify ]
594 verbose reify failed optional dependency /var/www/frontend/admin/node_modules/@rollup/rollup-win32-arm64-msvc
595 silly reify mark deleted [
595 silly reify   '/var/www/frontend/admin/node_modules/@rollup/rollup-win32-arm64-msvc'
595 silly reify ]
596 verbose reify failed optional dependency /var/www/frontend/admin/node_modules/@rollup/rollup-openharmony-arm64
597 silly reify mark deleted [
597 silly reify   '/var/www/frontend/admin/node_modules/@rollup/rollup-openharmony-arm64'
597 silly reify ]
598 verbose reify failed optional dependency /var/www/frontend/admin/node_modules/@rollup/rollup-openbsd-x64
599 silly reify mark deleted [ '/var/www/frontend/admin/node_modules/@rollup/rollup-openbsd-x64' ]
600 verbose reify failed optional dependency /var/www/frontend/admin/node_modules/@rollup/rollup-linux-x64-musl
601 silly reify mark deleted [
601 silly reify   '/var/www/frontend/admin/node_modules/@rollup/rollup-linux-x64-musl'
601 silly reify ]
602 verbose reify failed optional dependency /var/www/frontend/admin/node_modules/@rollup/rollup-linux-s390x-gnu
603 silly reify mark deleted [
603 silly reify   '/var/www/frontend/admin/node_modules/@rollup/rollup-linux-s390x-gnu'
603 silly reify ]
604 verbose reify failed optional dependency /var/www/frontend/admin/node_modules/@rollup/rollup-linux-riscv64-musl
605 silly reify mark deleted [
605 silly reify   '/var/www/frontend/admin/node_modules/@rollup/rollup-linux-riscv64-musl'
605 silly reify ]
606 verbose reify failed optional dependency /var/www/frontend/admin/node_modules/@rollup/rollup-linux-riscv64-gnu
607 silly reify mark deleted [
607 silly reify   '/var/www/frontend/admin/node_modules/@rollup/rollup-linux-riscv64-gnu'
607 silly reify ]
608 verbose reify failed optional dependency /var/www/frontend/admin/node_modules/@rollup/rollup-linux-ppc64-musl
609 silly reify mark deleted [
609 silly reify   '/var/www/frontend/admin/node_modules/@rollup/rollup-linux-ppc64-musl'
609 silly reify ]
610 verbose reify failed optional dependency /var/www/frontend/admin/node_modules/@rollup/rollup-linux-ppc64-gnu
611 silly reify mark deleted [
611 silly reify   '/var/www/frontend/admin/node_modules/@rollup/rollup-linux-ppc64-gnu'
611 silly reify ]
612 verbose reify failed optional dependency /var/www/frontend/admin/node_modules/@rollup/rollup-linux-loong64-musl
613 silly reify mark deleted [
613 silly reify   '/var/www/frontend/admin/node_modules/@rollup/rollup-linux-loong64-musl'
613 silly reify ]
614 verbose reify failed optional dependency /var/www/frontend/admin/node_modules/@rollup/rollup-linux-loong64-gnu
615 silly reify mark deleted [
615 silly reify   '/var/www/frontend/admin/node_modules/@rollup/rollup-linux-loong64-gnu'
615 silly reify ]
616 verbose reify failed optional dependency /var/www/frontend/admin/node_modules/@rollup/rollup-linux-arm64-musl
617 silly reify mark deleted [
617 silly reify   '/var/www/frontend/admin/node_modules/@rollup/rollup-linux-arm64-musl'
617 silly reify ]
618 verbose reify failed optional dependency /var/www/frontend/admin/node_modules/@rollup/rollup-linux-arm64-gnu
619 silly reify mark deleted [
619 silly reify   '/var/www/frontend/admin/node_modules/@rollup/rollup-linux-arm64-gnu'
619 silly reify ]
620 verbose reify failed optional dependency /var/www/frontend/admin/node_modules/@rollup/rollup-linux-arm-musleabihf
621 silly reify mark deleted [
621 silly reify   '/var/www/frontend/admin/node_modules/@rollup/rollup-linux-arm-musleabihf'
621 silly reify ]
622 verbose reify failed optional dependency /var/www/frontend/admin/node_modules/@rollup/rollup-linux-arm-gnueabihf
623 silly reify mark deleted [
623 silly reify   '/var/www/frontend/admin/node_modules/@rollup/rollup-linux-arm-gnueabihf'
623 silly reify ]
624 verbose reify failed optional dependency /var/www/frontend/admin/node_modules/@rollup/rollup-freebsd-x64
625 silly reify mark deleted [ '/var/www/frontend/admin/node_modules/@rollup/rollup-freebsd-x64' ]
626 verbose reify failed optional dependency /var/www/frontend/admin/node_modules/@rollup/rollup-freebsd-arm64
627 silly reify mark deleted [ '/var/www/frontend/admin/node_modules/@rollup/rollup-freebsd-arm64' ]
628 verbose reify failed optional dependency /var/www/frontend/admin/node_modules/@rollup/rollup-darwin-x64
629 silly reify mark deleted [ '/var/www/frontend/admin/node_modules/@rollup/rollup-darwin-x64' ]
630 verbose reify failed optional dependency /var/www/frontend/admin/node_modules/@rollup/rollup-darwin-arm64
631 silly reify mark deleted [ '/var/www/frontend/admin/node_modules/@rollup/rollup-darwin-arm64' ]
632 verbose reify failed optional dependency /var/www/frontend/admin/node_modules/@rollup/rollup-android-arm64
633 silly reify mark deleted [ '/var/www/frontend/admin/node_modules/@rollup/rollup-android-arm64' ]
634 verbose reify failed optional dependency /var/www/frontend/admin/node_modules/@rollup/rollup-android-arm-eabi
635 silly reify mark deleted [
635 silly reify   '/var/www/frontend/admin/node_modules/@rollup/rollup-android-arm-eabi'
635 silly reify ]
636 verbose reify failed optional dependency /var/www/frontend/admin/node_modules/@esbuild/win32-x64
637 silly reify mark deleted [ '/var/www/frontend/admin/node_modules/@esbuild/win32-x64' ]
638 verbose reify failed optional dependency /var/www/frontend/admin/node_modules/@esbuild/win32-ia32
639 silly reify mark deleted [ '/var/www/frontend/admin/node_modules/@esbuild/win32-ia32' ]
640 verbose reify failed optional dependency /var/www/frontend/admin/node_modules/@esbuild/win32-arm64
641 silly reify mark deleted [ '/var/www/frontend/admin/node_modules/@esbuild/win32-arm64' ]
642 verbose reify failed optional dependency /var/www/frontend/admin/node_modules/@esbuild/sunos-x64
643 silly reify mark deleted [ '/var/www/frontend/admin/node_modules/@esbuild/sunos-x64' ]
644 verbose reify failed optional dependency /var/www/frontend/admin/node_modules/@esbuild/openharmony-arm64
645 silly reify mark deleted [ '/var/www/frontend/admin/node_modules/@esbuild/openharmony-arm64' ]
646 verbose reify failed optional dependency /var/www/frontend/admin/node_modules/@esbuild/openbsd-x64
647 silly reify mark deleted [ '/var/www/frontend/admin/node_modules/@esbuild/openbsd-x64' ]
648 verbose reify failed optional dependency /var/www/frontend/admin/node_modules/@esbuild/openbsd-arm64
649 silly reify mark deleted [ '/var/www/frontend/admin/node_modules/@esbuild/openbsd-arm64' ]
650 verbose reify failed optional dependency /var/www/frontend/admin/node_modules/@esbuild/netbsd-x64
651 silly reify mark deleted [ '/var/www/frontend/admin/node_modules/@esbuild/netbsd-x64' ]
652 verbose reify failed optional dependency /var/www/frontend/admin/node_modules/@esbuild/netbsd-arm64
653 silly reify mark deleted [ '/var/www/frontend/admin/node_modules/@esbuild/netbsd-arm64' ]
654 verbose reify failed optional dependency /var/www/frontend/admin/node_modules/@esbuild/linux-s390x
655 silly reify mark deleted [ '/var/www/frontend/admin/node_modules/@esbuild/linux-s390x' ]
656 verbose reify failed optional dependency /var/www/frontend/admin/node_modules/@esbuild/linux-riscv64
657 silly reify mark deleted [ '/var/www/frontend/admin/node_modules/@esbuild/linux-riscv64' ]
658 verbose reify failed optional dependency /var/www/frontend/admin/node_modules/@esbuild/linux-ppc64
659 silly reify mark deleted [ '/var/www/frontend/admin/node_modules/@esbuild/linux-ppc64' ]
660 verbose reify failed optional dependency /var/www/frontend/admin/node_modules/@esbuild/linux-mips64el
661 silly reify mark deleted [ '/var/www/frontend/admin/node_modules/@esbuild/linux-mips64el' ]
662 verbose reify failed optional dependency /var/www/frontend/admin/node_modules/@esbuild/linux-loong64
663 silly reify mark deleted [ '/var/www/frontend/admin/node_modules/@esbuild/linux-loong64' ]
664 verbose reify failed optional dependency /var/www/frontend/admin/node_modules/@esbuild/linux-ia32
665 silly reify mark deleted [ '/var/www/frontend/admin/node_modules/@esbuild/linux-ia32' ]
666 verbose reify failed optional dependency /var/www/frontend/admin/node_modules/@esbuild/linux-arm64
667 silly reify mark deleted [ '/var/www/frontend/admin/node_modules/@esbuild/linux-arm64' ]
668 verbose reify failed optional dependency /var/www/frontend/admin/node_modules/@esbuild/linux-arm
669 silly reify mark deleted [ '/var/www/frontend/admin/node_modules/@esbuild/linux-arm' ]
670 verbose reify failed optional dependency /var/www/frontend/admin/node_modules/@esbuild/freebsd-x64
671 silly reify mark deleted [ '/var/www/frontend/admin/node_modules/@esbuild/freebsd-x64' ]
672 verbose reify failed optional dependency /var/www/frontend/admin/node_modules/@esbuild/freebsd-arm64
673 silly reify mark deleted [ '/var/www/frontend/admin/node_modules/@esbuild/freebsd-arm64' ]
674 verbose reify failed optional dependency /var/www/frontend/admin/node_modules/@esbuild/darwin-x64
675 silly reify mark deleted [ '/var/www/frontend/admin/node_modules/@esbuild/darwin-x64' ]
676 verbose reify failed optional dependency /var/www/frontend/admin/node_modules/@esbuild/darwin-arm64
677 silly reify mark deleted [ '/var/www/frontend/admin/node_modules/@esbuild/darwin-arm64' ]
678 verbose reify failed optional dependency /var/www/frontend/admin/node_modules/@esbuild/android-x64
679 silly reify mark deleted [ '/var/www/frontend/admin/node_modules/@esbuild/android-x64' ]
680 verbose reify failed optional dependency /var/www/frontend/admin/node_modules/@esbuild/android-arm64
681 silly reify mark deleted [ '/var/www/frontend/admin/node_modules/@esbuild/android-arm64' ]
682 verbose reify failed optional dependency /var/www/frontend/admin/node_modules/@esbuild/android-arm
683 silly reify mark deleted [ '/var/www/frontend/admin/node_modules/@esbuild/android-arm' ]
684 verbose reify failed optional dependency /var/www/frontend/admin/node_modules/@esbuild/aix-ppc64
685 silly reify mark deleted [ '/var/www/frontend/admin/node_modules/@esbuild/aix-ppc64' ]
686 verbose reify failed optional dependency /var/www/frontend/admin/node_modules/fsevents
687 silly reify mark deleted [ '/var/www/frontend/admin/node_modules/fsevents' ]
688 silly tarball no local data for balanced-match@https://registry.npmjs.org/balanced-match/-/balanced-match-1.0.2.tgz. Extracting by manifest.
689 silly tarball no local data for brace-expansion@https://registry.npmjs.org/brace-expansion/-/brace-expansion-2.1.1.tgz. Extracting by manifest.
690 silly tarball no local data for he@https://registry.npmjs.org/he/-/he-1.2.0.tgz. Extracting by manifest.
691 silly tarball no local data for de-indent@https://registry.npmjs.org/de-indent/-/de-indent-1.0.2.tgz. Extracting by manifest.
692 silly tarball no local data for minimatch@https://registry.npmjs.org/minimatch/-/minimatch-9.0.9.tgz. Extracting by manifest.
693 silly tarball no local data for @vue/compiler-vue2@https://registry.npmjs.org/@vue/compiler-vue2/-/compiler-vue2-2.7.16.tgz. Extracting by manifest.
694 silly tarball no local data for alien-signals@https://registry.npmjs.org/alien-signals/-/alien-signals-1.0.13.tgz. Extracting by manifest.
695 silly tarball no local data for @volar/source-map@https://registry.npmjs.org/@volar/source-map/-/source-map-2.4.15.tgz. Extracting by manifest.
696 silly tarball no local data for vscode-uri@https://registry.npmjs.org/vscode-uri/-/vscode-uri-3.1.0.tgz. Extracting by manifest.
697 silly tarball no local data for @vue/language-core@https://registry.npmjs.org/@vue/language-core/-/language-core-2.2.12.tgz. Extracting by manifest.
698 silly tarball no local data for path-browserify@https://registry.npmjs.org/path-browserify/-/path-browserify-1.0.1.tgz. Extracting by manifest.
699 silly tarball no local data for @volar/language-core@https://registry.npmjs.org/@volar/language-core/-/language-core-2.4.15.tgz. Extracting by manifest.
700 silly tarball no local data for muggle-string@https://registry.npmjs.org/muggle-string/-/muggle-string-0.4.1.tgz. Extracting by manifest.
701 silly tarball no local data for @volar/typescript@https://registry.npmjs.org/@volar/typescript/-/typescript-2.4.15.tgz. Extracting by manifest.
702 silly tarball no local data for @jridgewell/sourcemap-codec@https://registry.npmjs.org/@jridgewell/sourcemap-codec/-/sourcemap-codec-1.5.5.tgz. Extracting by manifest.
703 silly tarball no local data for csstype@https://registry.npmjs.org/csstype/-/csstype-3.2.3.tgz. Extracting by manifest.
704 silly tarball no local data for @vue/runtime-core@https://registry.npmjs.org/@vue/runtime-core/-/runtime-core-3.5.38.tgz. Extracting by manifest.
705 silly tarball no local data for @vue/reactivity@https://registry.npmjs.org/@vue/reactivity/-/reactivity-3.5.38.tgz. Extracting by manifest.
706 silly tarball no local data for magic-string@https://registry.npmjs.org/magic-string/-/magic-string-0.30.21.tgz. Extracting by manifest.
707 silly tarball no local data for @vue/compiler-ssr@https://registry.npmjs.org/@vue/compiler-ssr/-/compiler-ssr-3.5.38.tgz. Extracting by manifest.
708 silly tarball no local data for @babel/helper-validator-identifier@https://registry.npmjs.org/@babel/helper-validator-identifier/-/helper-validator-identifier-7.29.7.tgz. Extracting by manifest.
709 silly tarball no local data for estree-walker@https://registry.npmjs.org/estree-walker/-/estree-walker-2.0.2.tgz. Extracting by manifest.
710 silly tarball no local data for entities@https://registry.npmjs.org/entities/-/entities-7.0.1.tgz. Extracting by manifest.
711 silly tarball no local data for @babel/parser@https://registry.npmjs.org/@babel/parser/-/parser-7.29.7.tgz. Extracting by manifest.
712 silly tarball no local data for @vue/compiler-core@https://registry.npmjs.org/@vue/compiler-core/-/compiler-core-3.5.38.tgz. Extracting by manifest.
713 silly tarball no local data for @vue/shared@https://registry.npmjs.org/@vue/shared/-/shared-3.5.38.tgz. Extracting by manifest.
714 silly tarball no local data for @vue/server-renderer@https://registry.npmjs.org/@vue/server-renderer/-/server-renderer-3.5.38.tgz. Extracting by manifest.
715 silly tarball no local data for @vue/compiler-sfc@https://registry.npmjs.org/@vue/compiler-sfc/-/compiler-sfc-3.5.38.tgz. Extracting by manifest.
716 silly tarball no local data for @vue/runtime-dom@https://registry.npmjs.org/@vue/runtime-dom/-/runtime-dom-3.5.38.tgz. Extracting by manifest.
717 silly tarball no local data for @vue/compiler-dom@https://registry.npmjs.org/@vue/compiler-dom/-/compiler-dom-3.5.38.tgz. Extracting by manifest.
718 silly tarball no local data for @types/estree@https://registry.npmjs.org/@types/estree/-/estree-1.0.9.tgz. Extracting by manifest.
719 silly tarball no local data for @rollup/rollup-linux-x64-gnu@https://registry.npmjs.org/@rollup/rollup-linux-x64-gnu/-/rollup-linux-x64-gnu-4.62.0.tgz. Extracting by manifest.
720 silly tarball no local data for source-map-js@https://registry.npmjs.org/source-map-js/-/source-map-js-1.2.1.tgz. Extracting by manifest.
721 silly tarball no local data for @babel/types@https://registry.npmjs.org/@babel/types/-/types-7.29.7.tgz. Extracting by manifest.
722 silly tarball no local data for picocolors@https://registry.npmjs.org/picocolors/-/picocolors-1.1.1.tgz. Extracting by manifest.
723 silly tarball no local data for nanoid@https://registry.npmjs.org/nanoid/-/nanoid-3.3.13.tgz. Extracting by manifest.
724 silly tarball no local data for @esbuild/linux-x64@https://registry.npmjs.org/@esbuild/linux-x64/-/linux-x64-0.25.12.tgz. Extracting by manifest.
725 silly tarball no local data for tinyglobby@https://registry.npmjs.org/tinyglobby/-/tinyglobby-0.2.17.tgz. Extracting by manifest.
726 silly tarball no local data for rollup@https://registry.npmjs.org/rollup/-/rollup-4.62.0.tgz. Extracting by manifest.
727 silly tarball no local data for postcss@https://registry.npmjs.org/postcss/-/postcss-8.5.15.tgz. Extracting by manifest.
728 silly tarball no local data for picomatch@https://registry.npmjs.org/picomatch/-/picomatch-4.0.4.tgz. Extracting by manifest.
729 silly tarball no local data for esbuild@https://registry.npmjs.org/esbuild/-/esbuild-0.25.12.tgz. Extracting by manifest.
730 silly tarball no local data for fdir@https://registry.npmjs.org/fdir/-/fdir-6.5.0.tgz. Extracting by manifest.
731 silly tarball no local data for typescript@https://registry.npmjs.org/typescript/-/typescript-5.7.3.tgz. Extracting by manifest.
732 silly tarball no local data for vue-tsc@https://registry.npmjs.org/vue-tsc/-/vue-tsc-2.2.12.tgz. Extracting by manifest.
733 silly tarball no local data for vite@https://registry.npmjs.org/vite/-/vite-6.4.3.tgz. Extracting by manifest.
734 silly tarball no local data for @vitejs/plugin-vue@https://registry.npmjs.org/@vitejs/plugin-vue/-/plugin-vue-5.2.4.tgz. Extracting by manifest.
735 silly tarball no local data for vue@https://registry.npmjs.org/vue/-/vue-3.5.38.tgz. Extracting by manifest.
736 silly tarball no local data for @babel/helper-string-parser@https://registry.npmjs.org/@babel/helper-string-parser/-/helper-string-parser-7.29.7.tgz. Extracting by manifest.
737 http fetch GET 200 https://registry.npmjs.org/balanced-match/-/balanced-match-1.0.2.tgz 62ms (cache miss)
738 http fetch GET 200 https://registry.npmjs.org/brace-expansion/-/brace-expansion-2.1.1.tgz 72ms (cache miss)
739 http fetch GET 200 https://registry.npmjs.org/de-indent/-/de-indent-1.0.2.tgz 72ms (cache miss)
740 http fetch GET 200 https://registry.npmjs.org/alien-signals/-/alien-signals-1.0.13.tgz 76ms (cache miss)
741 http fetch GET 200 https://registry.npmjs.org/muggle-string/-/muggle-string-0.4.1.tgz 77ms (cache miss)
742 http fetch GET 200 https://registry.npmjs.org/he/-/he-1.2.0.tgz 80ms (cache miss)
743 http fetch GET 200 https://registry.npmjs.org/path-browserify/-/path-browserify-1.0.1.tgz 90ms (cache miss)
744 http fetch GET 200 https://registry.npmjs.org/minimatch/-/minimatch-9.0.9.tgz 102ms (cache miss)
745 http fetch GET 200 https://registry.npmjs.org/@volar/source-map/-/source-map-2.4.15.tgz 101ms (cache miss)
746 http fetch GET 200 https://registry.npmjs.org/vscode-uri/-/vscode-uri-3.1.0.tgz 103ms (cache miss)
747 http fetch GET 200 https://registry.npmjs.org/@jridgewell/sourcemap-codec/-/sourcemap-codec-1.5.5.tgz 119ms (cache miss)
748 http fetch GET 200 https://registry.npmjs.org/csstype/-/csstype-3.2.3.tgz 132ms (cache miss)
749 http fetch GET 200 https://registry.npmjs.org/@babel/helper-validator-identifier/-/helper-validator-identifier-7.29.7.tgz 146ms (cache miss)
750 http fetch GET 200 https://registry.npmjs.org/magic-string/-/magic-string-0.30.21.tgz 147ms (cache miss)
751 http fetch GET 200 https://registry.npmjs.org/@vue/compiler-vue2/-/compiler-vue2-2.7.16.tgz 152ms (cache miss)
752 http fetch GET 200 https://registry.npmjs.org/@vue/reactivity/-/reactivity-3.5.38.tgz 155ms (cache miss)
753 http fetch GET 200 https://registry.npmjs.org/@vue/runtime-core/-/runtime-core-3.5.38.tgz 180ms (cache miss)
754 http fetch GET 200 https://registry.npmjs.org/estree-walker/-/estree-walker-2.0.2.tgz 179ms (cache miss)
755 http fetch GET 200 https://registry.npmjs.org/@vue/compiler-ssr/-/compiler-ssr-3.5.38.tgz 181ms (cache miss)
756 http fetch GET 200 https://registry.npmjs.org/@volar/typescript/-/typescript-2.4.15.tgz 193ms (cache miss)
757 http fetch POST 200 https://registry.npmjs.org/-/npm/v1/security/advisories/bulk 428ms
758 silly audit report {}
759 http fetch GET 200 https://registry.npmjs.org/@babel/parser/-/parser-7.29.7.tgz 225ms (cache miss)
760 http fetch GET 200 https://registry.npmjs.org/@vue/compiler-core/-/compiler-core-3.5.38.tgz 225ms (cache miss)
761 http fetch GET 200 https://registry.npmjs.org/@vue/server-renderer/-/server-renderer-3.5.38.tgz 236ms (cache miss)
762 http fetch GET 200 https://registry.npmjs.org/@vue/shared/-/shared-3.5.38.tgz 236ms (cache miss)
763 http fetch GET 200 https://registry.npmjs.org/@vue/language-core/-/language-core-2.2.12.tgz 257ms (cache miss)
764 http fetch GET 200 https://registry.npmjs.org/source-map-js/-/source-map-js-1.2.1.tgz 252ms (cache miss)
765 http fetch GET 200 https://registry.npmjs.org/@types/estree/-/estree-1.0.9.tgz 268ms (cache miss)
766 http fetch GET 200 https://registry.npmjs.org/@volar/language-core/-/language-core-2.4.15.tgz 287ms (cache miss)
767 http fetch GET 200 https://registry.npmjs.org/entities/-/entities-7.0.1.tgz 284ms (cache miss)
768 http fetch GET 200 https://registry.npmjs.org/@vue/runtime-dom/-/runtime-dom-3.5.38.tgz 301ms (cache miss)
769 http fetch GET 200 https://registry.npmjs.org/@vue/compiler-dom/-/compiler-dom-3.5.38.tgz 302ms (cache miss)
770 http fetch GET 200 https://registry.npmjs.org/tinyglobby/-/tinyglobby-0.2.17.tgz 308ms (cache miss)
771 http fetch GET 200 https://registry.npmjs.org/picocolors/-/picocolors-1.1.1.tgz 310ms (cache miss)
772 http fetch GET 200 https://registry.npmjs.org/postcss/-/postcss-8.5.15.tgz 328ms (cache miss)
773 http fetch GET 200 https://registry.npmjs.org/fdir/-/fdir-6.5.0.tgz 353ms (cache miss)
774 http fetch GET 200 https://registry.npmjs.org/vue-tsc/-/vue-tsc-2.2.12.tgz 390ms (cache miss)
775 http fetch GET 200 https://registry.npmjs.org/esbuild/-/esbuild-0.25.12.tgz 521ms (cache miss)
776 http fetch GET 200 https://registry.npmjs.org/@vue/compiler-sfc/-/compiler-sfc-3.5.38.tgz 608ms (cache miss)
777 http fetch GET 200 https://registry.npmjs.org/picomatch/-/picomatch-4.0.4.tgz 608ms (cache miss)
778 http fetch GET 200 https://registry.npmjs.org/@rollup/rollup-linux-x64-gnu/-/rollup-linux-x64-gnu-4.62.0.tgz 651ms (cache miss)
779 http fetch GET 200 https://registry.npmjs.org/@babel/types/-/types-7.29.7.tgz 719ms (cache miss)
780 http fetch GET 200 https://registry.npmjs.org/@babel/helper-string-parser/-/helper-string-parser-7.29.7.tgz 758ms (cache miss)
781 http fetch GET 200 https://registry.npmjs.org/rollup/-/rollup-4.62.0.tgz 764ms (cache miss)
782 http fetch GET 200 https://registry.npmjs.org/vite/-/vite-6.4.3.tgz 801ms (cache miss)
783 http fetch GET 200 https://registry.npmjs.org/nanoid/-/nanoid-3.3.13.tgz 837ms (cache miss)
784 http fetch GET 200 https://registry.npmjs.org/@vitejs/plugin-vue/-/plugin-vue-5.2.4.tgz 841ms (cache miss)
785 http fetch GET 200 https://registry.npmjs.org/vue/-/vue-3.5.38.tgz 847ms (cache miss)
786 http fetch GET 200 https://registry.npmjs.org/@esbuild/linux-x64/-/linux-x64-0.25.12.tgz 1210ms (cache miss)
787 http fetch GET 200 https://registry.npmjs.org/typescript/-/typescript-5.7.3.tgz 1281ms (cache miss)
788 info run esbuild@0.25.12 postinstall node_modules/esbuild node install.js
789 info run esbuild@0.25.12 postinstall { code: 0, signal: null }
790 silly ADD node_modules/balanced-match
791 silly ADD node_modules/brace-expansion
792 silly ADD node_modules/he
793 silly ADD node_modules/de-indent
794 silly ADD node_modules/muggle-string
795 silly ADD node_modules/minimatch
796 silly ADD node_modules/alien-signals
797 silly ADD node_modules/@vue/compiler-vue2
798 silly ADD node_modules/@volar/source-map
799 silly ADD node_modules/vscode-uri
800 silly ADD node_modules/path-browserify
801 silly ADD node_modules/@volar/language-core
802 silly ADD node_modules/@vue/language-core
803 silly ADD node_modules/@volar/typescript
804 silly ADD node_modules/@jridgewell/sourcemap-codec
805 silly ADD node_modules/csstype
806 silly ADD node_modules/@vue/runtime-core
807 silly ADD node_modules/@vue/reactivity
808 silly ADD node_modules/magic-string
809 silly ADD node_modules/@vue/compiler-ssr
810 silly ADD node_modules/@babel/helper-validator-identifier
811 silly ADD node_modules/@babel/helper-string-parser
812 silly ADD node_modules/@babel/types
813 silly ADD node_modules/estree-walker
814 silly ADD node_modules/entities
815 silly ADD node_modules/@babel/parser
816 silly ADD node_modules/@vue/compiler-core
817 silly ADD node_modules/@vue/shared
818 silly ADD node_modules/@vue/server-renderer
819 silly ADD node_modules/@vue/runtime-dom
820 silly ADD node_modules/@vue/compiler-sfc
821 silly ADD node_modules/@vue/compiler-dom
822 silly ADD node_modules/@types/estree
823 silly ADD
824 silly ADD
825 silly ADD
826 silly ADD
827 silly ADD
828 silly ADD
829 silly ADD
830 silly ADD node_modules/@rollup/rollup-linux-x64-gnu
831 silly ADD
832 silly ADD
833 silly ADD
834 silly ADD
835 silly ADD
836 silly ADD
837 silly ADD
838 silly ADD
839 silly ADD
840 silly ADD
841 silly ADD
842 silly ADD
843 silly ADD
844 silly ADD
845 silly ADD
846 silly ADD
847 silly ADD
848 silly ADD node_modules/source-map-js
849 silly ADD node_modules/picocolors
850 silly ADD node_modules/nanoid
851 silly ADD
852 silly ADD
853 silly ADD
854 silly ADD
855 silly ADD
856 silly ADD
857 silly ADD
858 silly ADD
859 silly ADD
860 silly ADD node_modules/@esbuild/linux-x64
861 silly ADD
862 silly ADD
863 silly ADD
864 silly ADD
865 silly ADD
866 silly ADD
867 silly ADD
868 silly ADD
869 silly ADD
870 silly ADD
871 silly ADD
872 silly ADD
873 silly ADD
874 silly ADD
875 silly ADD
876 silly ADD
877 silly ADD node_modules/tinyglobby
878 silly ADD node_modules/rollup
879 silly ADD node_modules/postcss
880 silly ADD node_modules/picomatch
881 silly ADD
882 silly ADD node_modules/fdir
883 silly ADD node_modules/esbuild
884 silly ADD node_modules/vue-tsc
885 silly ADD node_modules/typescript
886 silly ADD node_modules/vite
887 silly ADD node_modules/vue
888 silly ADD node_modules/@vitejs/plugin-vue
889 verbose cwd /var/www/frontend/admin
890 verbose os Linux 6.18.33.1-microsoft-standard-WSL2
891 verbose node v20.20.2
892 verbose npm  v10.8.2
893 notice
893 notice New major version of npm available! 10.8.2 -> 11.17.0
893 notice Changelog: https://github.com/npm/cli/releases/tag/v11.17.0
893 notice To update run: npm install -g npm@11.17.0
893 notice  { force: true, [Symbol(proc-log.meta)]: true }
894 verbose exit 0
895 info ok
